This file contains any messages produced by compilers while
running configure, to aid debugging if configure makes a mistake.

It was created by configure, which was
generated by GNU Autoconf 2.69.  Invocation command line was

  $ ./configure 

## --------- ##
## Platform. ##
## --------- ##

hostname = liangzx
uname -m = x86_64
uname -r = 3.13.0-79-generic
uname -s = Linux
uname -v = #123-Ubuntu SMP Fri Feb 19 14:27:58 UTC 2016

/usr/bin/uname -p = unknown
/bin/uname -X     = unknown

/bin/arch              = unknown
/usr/bin/arch -k       = unknown
/usr/convex/getsysinfo = unknown
/usr/bin/hostinfo      = unknown
/bin/machine           = unknown
/usr/bin/oslevel       = unknown
/bin/universe          = unknown

PATH: /usr/java/jdk1.7.0_79/bin
PATH: /usr/local/sbin
PATH: /usr/local/bin
PATH: /usr/sbin
PATH: /usr/bin
PATH: /sbin
PATH: /bin
PATH: /usr/games
PATH: /usr/local/games


## ----------- ##
## Core tests. ##
## ----------- ##

configure:2209: checking for grep that handles long lines and -e
configure:2267: result: /bin/grep
configure:2272: checking for egrep
configure:2334: result: /bin/grep -E
configure:2339: checking for a sed that does not truncate output
configure:2403: result: /bin/sed
configure:2537: checking for cc
configure:2553: found /usr/bin/cc
configure:2564: result: cc
configure:2595: checking for C compiler version
configure:2604: cc --version >&5
cc (Ubuntu 4.8.4-2ubuntu1~14.04.1) 4.8.4
Copyright (C) 2013 Free Software Foundation, Inc.
This is free software; see the source for copying conditions.  There is NO
warranty; not even for MERCHANTABILITY or FITNESS FOR A PARTICULAR PURPOSE.

configure:2615: $? = 0
configure:2604: cc -v >&5
Using built-in specs.
COLLECT_GCC=cc
COLLECT_LTO_WRAPPER=/usr/lib/gcc/x86_64-linux-gnu/4.8/lto-wrapper
Target: x86_64-linux-gnu
Configured with: ../src/configure -v --with-pkgversion='Ubuntu 4.8.4-2ubuntu1~14.04.1' --with-bugurl=file:///usr/share/doc/gcc-4.8/README.Bugs --enable-languages=c,c++,java,go,d,fortran,objc,obj-c++ --prefix=/usr --program-suffix=-4.8 --enable-shared --enable-linker-build-id --libexecdir=/usr/lib --without-included-gettext --enable-threads=posix --with-gxx-include-dir=/usr/include/c++/4.8 --libdir=/usr/lib --enable-nls --with-sysroot=/ --enable-clocale=gnu --enable-libstdcxx-debug --enable-libstdcxx-time=yes --enable-gnu-unique-object --disable-libmudflap --enable-plugin --with-system-zlib --disable-browser-plugin --enable-java-awt=gtk --enable-gtk-cairo --with-java-home=/usr/lib/jvm/java-1.5.0-gcj-4.8-amd64/jre --enable-java-home --with-jvm-root-dir=/usr/lib/jvm/java-1.5.0-gcj-4.8-amd64 --with-jvm-jar-dir=/usr/lib/jvm-exports/java-1.5.0-gcj-4.8-amd64 --with-arch-directory=amd64 --with-ecj-jar=/usr/share/java/eclipse-ecj.jar --enable-objc-gc --enable-multiarch --disable-werror --with-arch-32=i686 --with-abi=m64 --with-multilib-list=m32,m64,mx32 --with-tune=generic --enable-checking=release --build=x86_64-linux-gnu --host=x86_64-linux-gnu --target=x86_64-linux-gnu
Thread model: posix
gcc version 4.8.4 (Ubuntu 4.8.4-2ubuntu1~14.04.1) 
configure:2615: $? = 0
configure:2604: cc -V >&5
cc: error: unrecognized command line option '-V'
cc: fatal error: no input files
compilation terminated.
configure:2615: $? = 4
configure:2604: cc -qversion >&5
cc: error: unrecognized command line option '-qversion'
cc: fatal error: no input files
compilation terminated.
configure:2615: $? = 4
configure:2635: checking whether the C compiler works
configure:2657: cc    conftest.c  >&5
configure:2661: $? = 0
configure:2709: result: yes
configure:2712: checking for C compiler default output file name
configure:2714: result: a.out
configure:2720: checking for suffix of executables
configure:2727: cc -o conftest    conftest.c  >&5
configure:2731: $? = 0
configure:2753: result: 
configure:2775: checking whether we are cross compiling
configure:2783: cc -o conftest    conftest.c  >&5
configure:2787: $? = 0
configure:2794: ./conftest
configure:2798: $? = 0
configure:2813: result: no
configure:2818: checking for suffix of object files
configure:2840: cc -c   conftest.c >&5
configure:2844: $? = 0
configure:2865: result: o
configure:2869: checking whether we are using the GNU C compiler
configure:2888: cc -c   conftest.c >&5
configure:2888: $? = 0
configure:2897: result: yes
configure:2906: checking whether cc accepts -g
configure:2926: cc -c -g  conftest.c >&5
configure:2926: $? = 0
configure:2967: result: yes
configure:2984: checking for cc option to accept ISO C89
configure:3047: cc  -c -g -O2  conftest.c >&5
configure:3047: $? = 0
configure:3060: result: none needed
configure:3086: checking how to run the C preprocessor
configure:3117: cc -E  conftest.c
configure:3117: $? = 0
configure:3131: cc -E  conftest.c
conftest.c:9:28: fatal error: ac_nonexistent.h: No such file or directory
 #include <ac_nonexistent.h>
                            ^
compilation terminated.
configure:3131: $? = 1
configure: failed program was:
| /* confdefs.h */
| #define PACKAGE_NAME ""
| #define PACKAGE_TARNAME ""
| #define PACKAGE_VERSION ""
| #define PACKAGE_STRING ""
| #define PACKAGE_BUGREPORT ""
| #define PACKAGE_URL ""
| /* end confdefs.h.  */
| #include <ac_nonexistent.h>
configure:3156: result: cc -E
configure:3176: cc -E  conftest.c
configure:3176: $? = 0
configure:3190: cc -E  conftest.c
conftest.c:9:28: fatal error: ac_nonexistent.h: No such file or directory
 #include <ac_nonexistent.h>
                            ^
compilation terminated.
configure:3190: $? = 1
configure: failed program was:
| /* confdefs.h */
| #define PACKAGE_NAME ""
| #define PACKAGE_TARNAME ""
| #define PACKAGE_VERSION ""
| #define PACKAGE_STRING ""
| #define PACKAGE_BUGREPORT ""
| #define PACKAGE_URL ""
| /* end confdefs.h.  */
| #include <ac_nonexistent.h>
configure:3221: checking for icc
configure:3230: result: no
configure:3244: checking for suncc
configure:3253: result: no
configure:3271: checking whether cc understands -c and -o together
configure:3299: cc -c conftest.c -o conftest2.o >&5
configure:3303: $? = 0
configure:3309: cc -c conftest.c -o conftest2.o >&5
configure:3313: $? = 0
configure:3368: result: yes
configure:3382: checking for system library directory
configure:3397: result: lib
configure:3404: checking if compiler supports -R
configure:3423: cc -o conftest -g -O2   conftest.c -R /usr/lib  >&5
cc: error: unrecognized command line option '-R'
configure:3423: $? = 1
configure: failed program was:
| /* confdefs.h */
| #define PACKAGE_NAME ""
| #define PACKAGE_TARNAME ""
| #define PACKAGE_VERSION ""
| #define PACKAGE_STRING ""
| #define PACKAGE_BUGREPORT ""
| #define PACKAGE_URL ""
| /* end confdefs.h.  */
| 
| int
| main ()
| {
| 
|   ;
|   return 0;
| }
configure:3433: result: no
configure:3438: checking if compiler supports -Wl,-rpath,
configure:3457: cc -o conftest -g -O2   conftest.c -Wl,-rpath,/usr/lib  >&5
configure:3457: $? = 0
configure:3467: result: yes
configure:3512: checking build system type
configure:3526: result: x86_64-unknown-linux-gnu
configure:3546: checking host system type
configure:3559: result: x86_64-unknown-linux-gnu
configure:3579: checking target system type
configure:3592: result: x86_64-unknown-linux-gnu
configure:3695: checking for PHP prefix
configure:3697: result: /usr
configure:3699: checking for PHP includes
configure:3701: result: -I/usr/include/php5 -I/usr/include/php5/main -I/usr/include/php5/TSRM -I/usr/include/php5/Zend -I/usr/include/php5/ext -I/usr/include/php5/ext/date/lib
configure:3703: checking for PHP extension directory
configure:3705: result: /usr/lib/php5/20121212
configure:3707: checking for PHP installed headers prefix
configure:3709: result: /usr/include/php5
configure:3712: checking if debug is enabled
configure:3738: result: no
configure:3741: checking if zts is enabled
configure:3767: result: no
configure:3838: checking for re2c
configure:3868: result: no
configure:3893: WARNING: You will need re2c 0.13.4 or later if you want to regenerate PHP parsers.
configure:3907: checking for gawk
configure:3938: result: no
configure:3907: checking for nawk
configure:3924: found /usr/bin/nawk
configure:3935: result: nawk
configure:3958: checking if nawk is broken
configure:3965: result: no
configure:3981: checking for php_tracer support
configure:4021: result: yes, shared
configure:4095: checking for g++
configure:4111: found /usr/bin/g++
configure:4122: result: g++
configure:4149: checking for C++ compiler version
configure:4158: g++ --version >&5
g++ (Ubuntu 4.8.4-2ubuntu1~14.04.1) 4.8.4
Copyright (C) 2013 Free Software Foundation, Inc.
This is free software; see the source for copying conditions.  There is NO
warranty; not even for MERCHANTABILITY or FITNESS FOR A PARTICULAR PURPOSE.

configure:4169: $? = 0
configure:4158: g++ -v >&5
Using built-in specs.
COLLECT_GCC=g++
COLLECT_LTO_WRAPPER=/usr/lib/gcc/x86_64-linux-gnu/4.8/lto-wrapper
Target: x86_64-linux-gnu
Configured with: ../src/configure -v --with-pkgversion='Ubuntu 4.8.4-2ubuntu1~14.04.1' --with-bugurl=file:///usr/share/doc/gcc-4.8/README.Bugs --enable-languages=c,c++,java,go,d,fortran,objc,obj-c++ --prefix=/usr --program-suffix=-4.8 --enable-shared --enable-linker-build-id --libexecdir=/usr/lib --without-included-gettext --enable-threads=posix --with-gxx-include-dir=/usr/include/c++/4.8 --libdir=/usr/lib --enable-nls --with-sysroot=/ --enable-clocale=gnu --enable-libstdcxx-debug --enable-libstdcxx-time=yes --enable-gnu-unique-object --disable-libmudflap --enable-plugin --with-system-zlib --disable-browser-plugin --enable-java-awt=gtk --enable-gtk-cairo --with-java-home=/usr/lib/jvm/java-1.5.0-gcj-4.8-amd64/jre --enable-java-home --with-jvm-root-dir=/usr/lib/jvm/java-1.5.0-gcj-4.8-amd64 --with-jvm-jar-dir=/usr/lib/jvm-exports/java-1.5.0-gcj-4.8-amd64 --with-arch-directory=amd64 --with-ecj-jar=/usr/share/java/eclipse-ecj.jar --enable-objc-gc --enable-multiarch --disable-werror --with-arch-32=i686 --with-abi=m64 --with-multilib-list=m32,m64,mx32 --with-tune=generic --enable-checking=release --build=x86_64-linux-gnu --host=x86_64-linux-gnu --target=x86_64-linux-gnu
Thread model: posix
gcc version 4.8.4 (Ubuntu 4.8.4-2ubuntu1~14.04.1) 
configure:4169: $? = 0
configure:4158: g++ -V >&5
g++: error: unrecognized command line option '-V'
g++: fatal error: no input files
compilation terminated.
configure:4169: $? = 4
configure:4158: g++ -qversion >&5
g++: error: unrecognized command line option '-qversion'
g++: fatal error: no input files
compilation terminated.
configure:4169: $? = 4
configure:4173: checking whether we are using the GNU C++ compiler
configure:4192: g++ -c   conftest.cpp >&5
configure:4192: $? = 0
configure:4201: result: yes
configure:4210: checking whether g++ accepts -g
configure:4230: g++ -c -g  conftest.cpp >&5
configure:4230: $? = 0
configure:4271: result: yes
configure:4299: checking how to run the C++ preprocessor
configure:4326: g++ -E  conftest.cpp
configure:4326: $? = 0
configure:4340: g++ -E  conftest.cpp
conftest.cpp:9:28: fatal error: ac_nonexistent.h: No such file or directory
 #include <ac_nonexistent.h>
                            ^
compilation terminated.
configure:4340: $? = 1
configure: failed program was:
| /* confdefs.h */
| #define PACKAGE_NAME ""
| #define PACKAGE_TARNAME ""
| #define PACKAGE_VERSION ""
| #define PACKAGE_STRING ""
| #define PACKAGE_BUGREPORT ""
| #define PACKAGE_URL ""
| /* end confdefs.h.  */
| #include <ac_nonexistent.h>
configure:4365: result: g++ -E
configure:4385: g++ -E  conftest.cpp
configure:4385: $? = 0
configure:4399: g++ -E  conftest.cpp
conftest.cpp:9:28: fatal error: ac_nonexistent.h: No such file or directory
 #include <ac_nonexistent.h>
                            ^
compilation terminated.
configure:4399: $? = 1
configure: failed program was:
| /* confdefs.h */
| #define PACKAGE_NAME ""
| #define PACKAGE_TARNAME ""
| #define PACKAGE_VERSION ""
| #define PACKAGE_STRING ""
| #define PACKAGE_BUGREPORT ""
| #define PACKAGE_URL ""
| /* end confdefs.h.  */
| #include <ac_nonexistent.h>
configure:4811: checking how to print strings
configure:4838: result: printf
configure:4859: checking for a sed that does not truncate output
configure:4923: result: /bin/sed
configure:4941: checking for fgrep
configure:5003: result: /bin/grep -F
configure:5038: checking for ld used by cc
configure:5105: result: /usr/bin/ld
configure:5112: checking if the linker (/usr/bin/ld) is GNU ld
configure:5127: result: yes
configure:5139: checking for BSD- or MS-compatible name lister (nm)
configure:5188: result: /usr/bin/nm -B
configure:5318: checking the name lister (/usr/bin/nm -B) interface
configure:5325: cc -c -g -O2  conftest.c >&5
configure:5328: /usr/bin/nm -B "conftest.o"
configure:5331: output
0000000000000000 B some_variable
configure:5338: result: BSD nm
configure:5341: checking whether ln -s works
configure:5345: result: yes
configure:5353: checking the maximum length of command line arguments
configure:5484: result: 1572864
configure:5501: checking whether the shell understands some XSI constructs
configure:5511: result: yes
configure:5515: checking whether the shell understands "+="
configure:5521: result: yes
configure:5556: checking how to convert x86_64-unknown-linux-gnu file names to x86_64-unknown-linux-gnu format
configure:5596: result: func_convert_file_noop
configure:5603: checking how to convert x86_64-unknown-linux-gnu file names to toolchain format
configure:5623: result: func_convert_file_noop
configure:5630: checking for /usr/bin/ld option to reload object files
configure:5637: result: -r
configure:5711: checking for objdump
configure:5727: found /usr/bin/objdump
configure:5738: result: objdump
configure:5770: checking how to recognize dependent libraries
configure:5968: result: pass_all
configure:6053: checking for dlltool
configure:6083: result: no
configure:6113: checking how to associate runtime and link libraries
configure:6140: result: printf %s\n
configure:6200: checking for ar
configure:6216: found /usr/bin/ar
configure:6227: result: ar
configure:6264: checking for archiver @FILE support
configure:6281: cc -c -g -O2  conftest.c >&5
configure:6281: $? = 0
configure:6284: ar cru libconftest.a @conftest.lst >&5
configure:6287: $? = 0
configure:6292: ar cru libconftest.a @conftest.lst >&5
ar: conftest.o: No such file or directory
configure:6295: $? = 1
configure:6307: result: @
configure:6365: checking for strip
configure:6381: found /usr/bin/strip
configure:6392: result: strip
configure:6464: checking for ranlib
configure:6480: found /usr/bin/ranlib
configure:6491: result: ranlib
configure:6568: checking for gawk
configure:6595: result: nawk
configure:6635: checking command to parse /usr/bin/nm -B output from cc object
configure:6755: cc -c -g -O2  conftest.c >&5
configure:6758: $? = 0
configure:6762: /usr/bin/nm -B conftest.o \| sed -n -e 's/^.*[ ]\([ABCDGIRSTW][ABCDGIRSTW]*\)[ ][ ]*\([_A-Za-z][_A-Za-z0-9]*\)$/\1 \2 \2/p' | sed '/ __gnu_lto/d' \> conftest.nm
configure:6765: $? = 0
configure:6831: cc -o conftest -g -O2   conftest.c conftstm.o >&5
configure:6834: $? = 0
configure:6872: result: ok
configure:6909: checking for sysroot
configure:6939: result: no
configure:7016: cc -c -g -O2  conftest.c >&5
configure:7019: $? = 0
configure:7208: checking for mt
configure:7224: found /bin/mt
configure:7235: result: mt
configure:7258: checking if mt is a manifest tool
configure:7264: mt '-?'
configure:7272: result: no
configure:7909: checking for ANSI C header files
configure:7929: cc -c -g -O2  conftest.c >&5
configure:7929: $? = 0
configure:8002: cc -o conftest -g -O2   conftest.c -lstdc++  >&5
configure:8002: $? = 0
configure:8002: ./conftest
configure:8002: $? = 0
configure:8013: result: yes
configure:8026: checking for sys/types.h
configure:8026: cc -c -g -O2  conftest.c >&5
configure:8026: $? = 0
configure:8026: result: yes
configure:8026: checking for sys/stat.h
configure:8026: cc -c -g -O2  conftest.c >&5
configure:8026: $? = 0
configure:8026: result: yes
configure:8026: checking for stdlib.h
configure:8026: cc -c -g -O2  conftest.c >&5
configure:8026: $? = 0
configure:8026: result: yes
configure:8026: checking for string.h
configure:8026: cc -c -g -O2  conftest.c >&5
configure:8026: $? = 0
configure:8026: result: yes
configure:8026: checking for memory.h
configure:8026: cc -c -g -O2  conftest.c >&5
configure:8026: $? = 0
configure:8026: result: yes
configure:8026: checking for strings.h
configure:8026: cc -c -g -O2  conftest.c >&5
configure:8026: $? = 0
configure:8026: result: yes
configure:8026: checking for inttypes.h
configure:8026: cc -c -g -O2  conftest.c >&5
configure:8026: $? = 0
configure:8026: result: yes
configure:8026: checking for stdint.h
configure:8026: cc -c -g -O2  conftest.c >&5
configure:8026: $? = 0
configure:8026: result: yes
configure:8026: checking for unistd.h
configure:8026: cc -c -g -O2  conftest.c >&5
configure:8026: $? = 0
configure:8026: result: yes
configure:8040: checking for dlfcn.h
configure:8040: cc -c -g -O2  conftest.c >&5
configure:8040: $? = 0
configure:8040: result: yes
configure:8257: checking for objdir
configure:8272: result: .libs
configure:8543: checking if cc supports -fno-rtti -fno-exceptions
configure:8561: cc -c -g -O2  -fno-rtti -fno-exceptions conftest.c >&5
cc1: warning: command line option '-fno-rtti' is valid for C++/ObjC++ but not for C [enabled by default]
configure:8565: $? = 0
configure:8578: result: no
configure:8905: checking for cc option to produce PIC
configure:8912: result: -fPIC -DPIC
configure:8920: checking if cc PIC flag -fPIC -DPIC works
configure:8938: cc -c -g -O2  -fPIC -DPIC -DPIC conftest.c >&5
configure:8942: $? = 0
configure:8955: result: yes
configure:8984: checking if cc static flag -static works
configure:9012: result: yes
configure:9027: checking if cc supports -c -o file.o
configure:9048: cc -c -g -O2  -o out/conftest2.o conftest.c >&5
configure:9052: $? = 0
configure:9074: result: yes
configure:9082: checking if cc supports -c -o file.o
configure:9129: result: yes
configure:9162: checking whether the cc linker (/usr/bin/ld -m elf_x86_64) supports shared libraries
configure:10319: result: yes
configure:10356: checking whether -lc should be explicitly linked in
configure:10364: cc -c -g -O2  conftest.c >&5
configure:10367: $? = 0
configure:10382: cc -shared  -fPIC -DPIC conftest.o  -v -Wl,-soname -Wl,conftest -o conftest 2\>\&1 \| /bin/grep  -lc  \>/dev/null 2\>\&1
configure:10385: $? = 0
configure:10399: result: no
configure:10559: checking dynamic linker characteristics
configure:11059: cc -o conftest -g -O2   -Wl,-rpath -Wl,/foo conftest.c -lstdc++  >&5
configure:11059: $? = 0
configure:11293: result: GNU/Linux ld.so
configure:11400: checking how to hardcode library paths into programs
configure:11425: result: immediate
configure:11965: checking whether stripping libraries is possible
configure:11970: result: yes
configure:12005: checking if libtool supports shared libraries
configure:12007: result: yes
configure:12010: checking whether to build shared libraries
configure:12031: result: yes
configure:12034: checking whether to build static libraries
configure:12038: result: no
configure:12061: checking how to run the C++ preprocessor
configure:12127: result: g++ -E
configure:12147: g++ -E  conftest.cpp
configure:12147: $? = 0
configure:12161: g++ -E  conftest.cpp
conftest.cpp:22:28: fatal error: ac_nonexistent.h: No such file or directory
 #include <ac_nonexistent.h>
                            ^
compilation terminated.
configure:12161: $? = 1
configure: failed program was:
| /* confdefs.h */
| #define PACKAGE_NAME ""
| #define PACKAGE_TARNAME ""
| #define PACKAGE_VERSION ""
| #define PACKAGE_STRING ""
| #define PACKAGE_BUGREPORT ""
| #define PACKAGE_URL ""
| #define COMPILE_DL_PHP_TRACER 1
| #define STDC_HEADERS 1
| #define HAVE_SYS_TYPES_H 1
| #define HAVE_SYS_STAT_H 1
| #define HAVE_STDLIB_H 1
| #define HAVE_STRING_H 1
| #define HAVE_MEMORY_H 1
| #define HAVE_STRINGS_H 1
| #define HAVE_INTTYPES_H 1
| #define HAVE_STDINT_H 1
| #define HAVE_UNISTD_H 1
| #define HAVE_DLFCN_H 1
| #define LT_OBJDIR ".libs/"
| /* end confdefs.h.  */
| #include <ac_nonexistent.h>
configure:12330: checking for ld used by g++
configure:12397: result: /usr/bin/ld -m elf_x86_64
configure:12404: checking if the linker (/usr/bin/ld -m elf_x86_64) is GNU ld
configure:12419: result: yes
configure:12474: checking whether the g++ linker (/usr/bin/ld -m elf_x86_64) supports shared libraries
configure:13476: result: yes
configure:13512: g++ -c -g -O2  conftest.cpp >&5
configure:13515: $? = 0
configure:14035: checking for g++ option to produce PIC
configure:14042: result: -fPIC -DPIC
configure:14050: checking if g++ PIC flag -fPIC -DPIC works
configure:14068: g++ -c -g -O2  -fPIC -DPIC -DPIC conftest.cpp >&5
configure:14072: $? = 0
configure:14085: result: yes
configure:14108: checking if g++ static flag -static works
configure:14136: result: yes
configure:14148: checking if g++ supports -c -o file.o
configure:14169: g++ -c -g -O2  -o out/conftest2.o conftest.cpp >&5
configure:14173: $? = 0
configure:14195: result: yes
configure:14200: checking if g++ supports -c -o file.o
configure:14247: result: yes
configure:14277: checking whether the g++ linker (/usr/bin/ld -m elf_x86_64) supports shared libraries
configure:14316: result: yes
configure:14457: checking dynamic linker characteristics
configure:15125: result: GNU/Linux ld.so
configure:15178: checking how to hardcode library paths into programs
configure:15203: result: immediate
configure:15503: creating ./config.status

## ---------------------- ##
## Running config.status. ##
## ---------------------- ##

This file was extended by config.status, which was
generated by GNU Autoconf 2.69.  Invocation command line was

  CONFIG_FILES    = 
  CONFIG_HEADERS  = 
  CONFIG_LINKS    = 
  CONFIG_COMMANDS = 
  $ ./config.status 

on liangzx

config.status:942: creating config.h
config.status:1032: config.h is unchanged
config.status:1046: executing libtool commands

## ---------------- ##
## Cache variables. ##
## ---------------- ##

ac_cv_build=x86_64-unknown-linux-gnu
ac_cv_c_compiler_gnu=yes
ac_cv_cxx_compiler_gnu=yes
ac_cv_env_CCC_set=
ac_cv_env_CCC_value=
ac_cv_env_CC_set=
ac_cv_env_CC_value=
ac_cv_env_CFLAGS_set=
ac_cv_env_CFLAGS_value=
ac_cv_env_CPPFLAGS_set=
ac_cv_env_CPPFLAGS_value=
ac_cv_env_CPP_set=
ac_cv_env_CPP_value=
ac_cv_env_CXXCPP_set=
ac_cv_env_CXXCPP_value=
ac_cv_env_CXXFLAGS_set=
ac_cv_env_CXXFLAGS_value=
ac_cv_env_CXX_set=
ac_cv_env_CXX_value=
ac_cv_env_LDFLAGS_set=
ac_cv_env_LDFLAGS_value=
ac_cv_env_LIBS_set=
ac_cv_env_LIBS_value=
ac_cv_env_build_alias_set=
ac_cv_env_build_alias_value=
ac_cv_env_host_alias_set=
ac_cv_env_host_alias_value=
ac_cv_env_target_alias_set=
ac_cv_env_target_alias_value=
ac_cv_header_dlfcn_h=yes
ac_cv_header_inttypes_h=yes
ac_cv_header_memory_h=yes
ac_cv_header_stdc=yes
ac_cv_header_stdint_h=yes
ac_cv_header_stdlib_h=yes
ac_cv_header_string_h=yes
ac_cv_header_strings_h=yes
ac_cv_header_sys_stat_h=yes
ac_cv_header_sys_types_h=yes
ac_cv_header_unistd_h=yes
ac_cv_host=x86_64-unknown-linux-gnu
ac_cv_objext=o
ac_cv_path_EGREP='/bin/grep -E'
ac_cv_path_FGREP='/bin/grep -F'
ac_cv_path_GREP=/bin/grep
ac_cv_path_SED=/bin/sed
ac_cv_prog_AWK=nawk
ac_cv_prog_CPP='cc -E'
ac_cv_prog_CXXCPP='g++ -E'
ac_cv_prog_ac_ct_AR=ar
ac_cv_prog_ac_ct_CC=cc
ac_cv_prog_ac_ct_CXX=g++
ac_cv_prog_ac_ct_MANIFEST_TOOL=mt
ac_cv_prog_ac_ct_OBJDUMP=objdump
ac_cv_prog_ac_ct_RANLIB=ranlib
ac_cv_prog_ac_ct_STRIP=strip
ac_cv_prog_cc_c89=
ac_cv_prog_cc_cc_c_o=yes
ac_cv_prog_cc_g=yes
ac_cv_prog_cxx_g=yes
ac_cv_target=x86_64-unknown-linux-gnu
lt_cv_ar_at_file=@
lt_cv_archive_cmds_need_lc=no
lt_cv_deplibs_check_method=pass_all
lt_cv_file_magic_cmd='$MAGIC_CMD'
lt_cv_file_magic_test_file=
lt_cv_ld_reload_flag=-r
lt_cv_nm_interface='BSD nm'
lt_cv_objdir=.libs
lt_cv_path_LD=/usr/bin/ld
lt_cv_path_LDCXX='/usr/bin/ld -m elf_x86_64'
lt_cv_path_NM='/usr/bin/nm -B'
lt_cv_path_mainfest_tool=no
lt_cv_prog_compiler_c_o=yes
lt_cv_prog_compiler_c_o_CXX=yes
lt_cv_prog_compiler_pic='-fPIC -DPIC'
lt_cv_prog_compiler_pic_CXX='-fPIC -DPIC'
lt_cv_prog_compiler_pic_works=yes
lt_cv_prog_compiler_pic_works_CXX=yes
lt_cv_prog_compiler_rtti_exceptions=no
lt_cv_prog_compiler_static_works=yes
lt_cv_prog_compiler_static_works_CXX=yes
lt_cv_prog_gnu_ld=yes
lt_cv_prog_gnu_ldcxx=yes
lt_cv_sharedlib_from_linklib_cmd='printf %s\n'
lt_cv_shlibpath_overrides_runpath=no
lt_cv_sys_global_symbol_pipe='sed -n -e '\''s/^.*[	 ]\([ABCDGIRSTW][ABCDGIRSTW]*\)[	 ][	 ]*\([_A-Za-z][_A-Za-z0-9]*\)$/\1 \2 \2/p'\'' | sed '\''/ __gnu_lto/d'\'''
lt_cv_sys_global_symbol_to_c_name_address='sed -n -e '\''s/^: \([^ ]*\)[ ]*$/  {\"\1\", (void *) 0},/p'\'' -e '\''s/^[ABCDGIRSTW]* \([^ ]*\) \([^ ]*\)$/  {"\2", (void *) \&\2},/p'\'''
lt_cv_sys_global_symbol_to_c_name_address_lib_prefix='sed -n -e '\''s/^: \([^ ]*\)[ ]*$/  {\"\1\", (void *) 0},/p'\'' -e '\''s/^[ABCDGIRSTW]* \([^ ]*\) \(lib[^ ]*\)$/  {"\2", (void *) \&\2},/p'\'' -e '\''s/^[ABCDGIRSTW]* \([^ ]*\) \([^ ]*\)$/  {"lib\2", (void *) \&\2},/p'\'''
lt_cv_sys_global_symbol_to_cdecl='sed -n -e '\''s/^T .* \(.*\)$/extern int \1();/p'\'' -e '\''s/^[ABCDGIRSTW]* .* \(.*\)$/extern char \1;/p'\'''
lt_cv_sys_max_cmd_len=1572864
lt_cv_to_host_file_cmd=func_convert_file_noop
lt_cv_to_tool_file_cmd=func_convert_file_noop
php_cv_cc_dashr=no
php_cv_cc_rpath=yes

## ----------------- ##
## Output variables. ##
## ----------------- ##

AR='ar'
AWK='nawk'
CC='cc'
CFLAGS='-g -O2'
CONFIGURE_COMMAND=' '\''./configure'\'' '
CONFIGURE_OPTIONS=''
CPP='cc -E'
CPPFLAGS=' -DHAVE_CONFIG_H'
CXX='g++'
CXXCPP='g++ -E'
CXXFLAGS='-g -O2'
DEFS='-DHAVE_CONFIG_H'
DLLTOOL='false'
DSYMUTIL=''
DUMPBIN=''
ECHO_C=''
ECHO_N='-n'
ECHO_T=''
EGREP='/bin/grep -E'
EXEEXT=''
FGREP='/bin/grep -F'
GREP='/bin/grep'
LD='/usr/bin/ld -m elf_x86_64'
LDFLAGS=''
LIBOBJS=''
LIBS='-lstdc++ '
LIBTOOL='$(SHELL) $(top_builddir)/libtool'
LIPO=''
LN_S='ln -s'
LTLIBOBJS=''
MANIFEST_TOOL=':'
NM='/usr/bin/nm -B'
NMEDIT=''
OBJDUMP='objdump'
OBJEXT='o'
OTOOL64=''
OTOOL=''
PACKAGE_BUGREPORT=''
PACKAGE_NAME=''
PACKAGE_STRING=''
PACKAGE_TARNAME=''
PACKAGE_URL=''
PACKAGE_VERSION=''
PATH_SEPARATOR=':'
RANLIB='ranlib'
RE2C='exit 0;'
SED='/bin/sed'
SHELL='/bin/bash'
SHLIB_DL_SUFFIX_NAME='so'
SHLIB_SUFFIX_NAME='so'
STRIP='strip'
ac_ct_AR='ar'
ac_ct_CC='cc'
ac_ct_CXX='g++'
ac_ct_DUMPBIN=''
bindir='${exec_prefix}/bin'
build='x86_64-unknown-linux-gnu'
build_alias=''
build_cpu='x86_64'
build_os='linux-gnu'
build_vendor='unknown'
datadir='${datarootdir}'
datarootdir='${prefix}/share'
docdir='${datarootdir}/doc/${PACKAGE}'
dvidir='${docdir}'
exec_prefix='$(prefix)'
host='x86_64-unknown-linux-gnu'
host_alias='x86_64-unknown-linux-gnu'
host_cpu='x86_64'
host_os='linux-gnu'
host_vendor='unknown'
htmldir='${docdir}'
includedir='${prefix}/include'
infodir='${datarootdir}/info'
libdir='${exec_prefix}/lib'
libexecdir='${exec_prefix}/libexec'
localedir='${datarootdir}/locale'
localstatedir='${prefix}/var'
mandir='${datarootdir}/man'
oldincludedir='/usr/include'
pdfdir='${docdir}'
prefix='/usr'
program_transform_name='s,x,x,'
psdir='${docdir}'
sbindir='${exec_prefix}/sbin'
sharedstatedir='${prefix}/com'
sysconfdir='${prefix}/etc'
target='x86_64-unknown-linux-gnu'
target_alias=''
target_cpu='x86_64'
target_os='linux-gnu'
target_vendor='unknown'

## ----------- ##
## confdefs.h. ##
## ----------- ##

/* confdefs.h */
#define PACKAGE_NAME ""
#define PACKAGE_TARNAME ""
#define PACKAGE_VERSION ""
#define PACKAGE_STRING ""
#define PACKAGE_BUGREPORT ""
#define PACKAGE_URL ""
#define COMPILE_DL_PHP_TRACER 1
#define STDC_HEADERS 1
#define HAVE_SYS_TYPES_H 1
#define HAVE_SYS_STAT_H 1
#define HAVE_STDLIB_H 1
#define HAVE_STRING_H 1
#define HAVE_MEMORY_H 1
#define HAVE_STRINGS_H 1
#define HAVE_INTTYPES_H 1
#define HAVE_STDINT_H 1
#define HAVE_UNISTD_H 1
#define HAVE_DLFCN_H 1
#define LT_OBJDIR ".libs/"

configure: exit 0
